<?xml version="1.0" encoding="UTF-8"?>
<!-- Generated by org.testng.reporters.JUnitXMLReporter -->
<testsuite hostname="Vineeths-MacBook-Air.local" ignored="0" name="Test" tests="1" failures="1" timestamp="06 Jul 2019 02:30:09 GMT" time="14.233" errors="0">
  <testcase name="assertValidations" time="0.073" classname="quickLearn.TestCaseFourAssertion">
    <failure type="java.lang.AssertionError" message="expected:&amp;lt;FEATURED COURSES&amp;gt; but was:&amp;lt;FEATUREDs COURSES&amp;gt;">
      <![CDATA[java.lang.AssertionError: expected:<FEATURED COURSES> but was:<FEATUREDs COURSES>
at quickLearn.TestCaseFourAssertion.assertValidations(TestCaseFourAssertion.java:39)
... Removed 31 stack frames]]>
    </failure>
  </testcase> <!-- assertValidations -->
</testsuite> <!-- Test -->
