<?xml version="1.0" encoding="UTF-8"?>
<testng-results skipped="0" failed="0" ignored="0" total="1" passed="1">
  <reporter-output>
  </reporter-output>
  <suite name="Suite" duration-ms="14640" started-at="2019-07-06T02:11:16Z" finished-at="2019-07-06T02:11:31Z">
    <groups>
    </groups>
    <test name="Test" duration-ms="14640" started-at="2019-07-06T02:11:16Z" finished-at="2019-07-06T02:11:31Z">
      <class name="quickLearn.TestCaseOne">
        <test-method status="PASS" signature="launchUrl()[pri:0, instance:quickLearn.TestCaseOne@145f66e3]" name="launchUrl" duration-ms="14611" started-at="2019-07-06T02:11:16Z" finished-at="2019-07-06T02:11:31Z">
          <reporter-output>
          </reporter-output>
        </test-method> <!-- launchUrl -->
      </class> <!-- quickLearn.TestCaseOne -->
    </test> <!-- Test -->
  </suite> <!-- Suite -->
</testng-results>
